{"/workspaces/Birthday-Reminder-App/server/config.js": {"path":"/workspaces/Birthday-Reminder-App/server/config.js","statementMap":{"0":{"start":{"line":1,"column":0},"end":{"line":32,"column":2}}},"fnMap":{},"branchMap":{"0":{"loc":{"start":{"line":4,"column":13},"end":{"line":4,"column":49}},"type":"binary-expr","locations":[{"start":{"line":4,"column":13},"end":{"line":4,"column":38}},{"start":{"line":4,"column":42},"end":{"line":4,"column":49}}],"line":4},"1":{"loc":{"start":{"line":7,"column":10},"end":{"line":7,"column":66}},"type":"binary-expr","locations":[{"start":{"line":7,"column":10},"end":{"line":7,"column":32}},{"start":{"line":7,"column":36},"end":{"line":7,"column":66}}],"line":7},"2":{"loc":{"start":{"line":12,"column":9},"end":{"line":12,"column":81}},"type":"binary-expr","locations":[{"start":{"line":12,"column":9},"end":{"line":12,"column":32}},{"start":{"line":12,"column":36},"end":{"line":12,"column":81}}],"line":12},"3":{"loc":{"start":{"line":17,"column":10},"end":{"line":17,"column":47}},"type":"binary-expr","locations":[{"start":{"line":17,"column":10},"end":{"line":17,"column":32}},{"start":{"line":17,"column":36},"end":{"line":17,"column":47}}],"line":17},"4":{"loc":{"start":{"line":18,"column":10},"end":{"line":18,"column":40}},"type":"binary-expr","locations":[{"start":{"line":18,"column":10},"end":{"line":18,"column":32}},{"start":{"line":18,"column":36},"end":{"line":18,"column":40}}],"line":18},"5":{"loc":{"start":{"line":24,"column":23},"end":{"line":24,"column":59}},"type":"binary-expr","locations":[{"start":{"line":24,"column":23},"end":{"line":24,"column":44}},{"start":{"line":24,"column":48},"end":{"line":24,"column":59}}],"line":24},"6":{"loc":{"start":{"line":29,"column":10},"end":{"line":29,"column":34}},"type":"binary-expr","locations":[{"start":{"line":29,"column":10},"end":{"line":29,"column":26}},{"start":{"line":29,"column":30},"end":{"line":29,"column":34}}],"line":29},"7":{"loc":{"start":{"line":30,"column":13},"end":{"line":30,"column":50}},"type":"binary-expr","locations":[{"start":{"line":30,"column":13},"end":{"line":30,"column":33}},{"start":{"line":30,"column":37},"end":{"line":30,"column":50}}],"line":30}},"s":{"0":1},"f":{},"b":{"0":[1,0],"1":[1,0],"2":[1,0],"3":[1,0],"4":[1,0],"5":[1,0],"6":[1,0],"7":[1,0]},"_coverageSchema":"1a1c01bbd47fc00a2c39e90264f33305004495a9","hash":"3a4dbe86c8eabe9bc6e877ffafef6a3ec01b9385"}
,"/workspaces/Birthday-Reminder-App/server/index.js": {"path":"/workspaces/Birthday-Reminder-App/server/index.js","statementMap":{"0":{"start":{"line":1,"column":16},"end":{"line":1,"column":34}},"1":{"start":{"line":2,"column":17},"end":{"line":2,"column":36}},"2":{"start":{"line":3,"column":13},"end":{"line":3,"column":28}},"3":{"start":{"line":4,"column":15},"end":{"line":4,"column":32}},"4":{"start":{"line":5,"column":0},"end":{"line":5,"column":27}},"5":{"start":{"line":7,"column":23},"end":{"line":7,"column":57}},"6":{"start":{"line":8,"column":22},"end":{"line":8,"column":55}},"7":{"start":{"line":9,"column":31},"end":{"line":9,"column":64}},"8":{"start":{"line":10,"column":36},"end":{"line":10,"column":70}},"9":{"start":{"line":12,"column":12},"end":{"line":12,"column":21}},"10":{"start":{"line":15,"column":0},"end":{"line":15,"column":18}},"11":{"start":{"line":16,"column":0},"end":{"line":16,"column":16}},"12":{"start":{"line":17,"column":0},"end":{"line":17,"column":24}},"13":{"start":{"line":18,"column":0},"end":{"line":18,"column":48}},"14":{"start":{"line":21,"column":0},"end":{"line":26,"column":69}},"15":{"start":{"line":25,"column":14},"end":{"line":25,"column":48}},"16":{"start":{"line":26,"column":18},"end":{"line":26,"column":67}},"17":{"start":{"line":29,"column":0},"end":{"line":29,"column":26}},"18":{"start":{"line":32,"column":0},"end":{"line":32,"column":21}},"19":{"start":{"line":35,"column":0},"end":{"line":35,"column":42}},"20":{"start":{"line":36,"column":0},"end":{"line":36,"column":40}},"21":{"start":{"line":39,"column":0},"end":{"line":41,"column":3}},"22":{"start":{"line":40,"column":2},"end":{"line":40,"column":79}},"23":{"start":{"line":44,"column":0},"end":{"line":50,"column":3}},"24":{"start":{"line":45,"column":2},"end":{"line":45,"column":31}},"25":{"start":{"line":46,"column":2},"end":{"line":49,"column":5}},"26":{"start":{"line":52,"column":13},"end":{"line":52,"column":37}},"27":{"start":{"line":53,"column":0},"end":{"line":55,"column":3}},"28":{"start":{"line":54,"column":2},"end":{"line":54,"column":66}},"29":{"start":{"line":57,"column":0},"end":{"line":57,"column":21}}},"fnMap":{"0":{"name":"(anonymous_0)","decl":{"start":{"line":25,"column":8},"end":{"line":25,"column":9}},"loc":{"start":{"line":25,"column":14},"end":{"line":25,"column":48}},"line":25},"1":{"name":"(anonymous_1)","decl":{"start":{"line":26,"column":9},"end":{"line":26,"column":10}},"loc":{"start":{"line":26,"column":18},"end":{"line":26,"column":67}},"line":26},"2":{"name":"(anonymous_2)","decl":{"start":{"line":39,"column":23},"end":{"line":39,"column":24}},"loc":{"start":{"line":39,"column":37},"end":{"line":41,"column":1}},"line":39},"3":{"name":"(anonymous_3)","decl":{"start":{"line":44,"column":8},"end":{"line":44,"column":9}},"loc":{"start":{"line":44,"column":33},"end":{"line":50,"column":1}},"line":44},"4":{"name":"(anonymous_4)","decl":{"start":{"line":53,"column":17},"end":{"line":53,"column":18}},"loc":{"start":{"line":53,"column":23},"end":{"line":55,"column":1}},"line":53}},"branchMap":{"0":{"loc":{"start":{"line":21,"column":17},"end":{"line":21,"column":89}},"type":"binary-expr","locations":[{"start":{"line":21,"column":17},"end":{"line":21,"column":40}},{"start":{"line":21,"column":44},"end":{"line":21,"column":89}}],"line":21},"1":{"loc":{"start":{"line":46,"column":13},"end":{"line":46,"column":30}},"type":"binary-expr","locations":[{"start":{"line":46,"column":13},"end":{"line":46,"column":23}},{"start":{"line":46,"column":27},"end":{"line":46,"column":30}}],"line":46},"2":{"loc":{"start":{"line":47,"column":11},"end":{"line":47,"column":49}},"type":"binary-expr","locations":[{"start":{"line":47,"column":11},"end":{"line":47,"column":22}},{"start":{"line":47,"column":26},"end":{"line":47,"column":49}}],"line":47},"3":{"loc":{"start":{"line":52,"column":13},"end":{"line":52,"column":37}},"type":"binary-expr","locations":[{"start":{"line":52,"column":13},"end":{"line":52,"column":29}},{"start":{"line":52,"column":33},"end":{"line":52,"column":37}}],"line":52}},"s":{"0":1,"1":1,"2":1,"3":1,"4":1,"5":1,"6":1,"7":1,"8":1,"9":1,"10":1,"11":1,"12":1,"13":1,"14":1,"15":0,"16":1,"17":1,"18":1,"19":1,"20":1,"21":1,"22":0,"23":1,"24":0,"25":0,"26":1,"27":1,"28":1,"29":1},"f":{"0":0,"1":1,"2":0,"3":0,"4":1},"b":{"0":[1,0],"1":[0,0],"2":[0,0],"3":[1,0]},"_coverageSchema":"1a1c01bbd47fc00a2c39e90264f33305004495a9","hash":"5a44584aed96c7312d830ee0c632e987170c9315"}
,"/workspaces/Birthday-Reminder-App/server/controllers/birthdayController.js": {"path":"/workspaces/Birthday-Reminder-App/server/controllers/birthdayController.js","statementMap":{"0":{"start":{"line":1,"column":17},"end":{"line":1,"column":51}},"1":{"start":{"line":2,"column":26},"end":{"line":2,"column":61}},"2":{"start":{"line":3,"column":30},"end":{"line":3,"column":65}},"3":{"start":{"line":4,"column":12},"end":{"line":4,"column":26}},"4":{"start":{"line":7,"column":23},"end":{"line":11,"column":2}},"5":{"start":{"line":14,"column":0},"end":{"line":50,"column":2}},"6":{"start":{"line":15,"column":2},"end":{"line":49,"column":3}},"7":{"start":{"line":16,"column":29},"end":{"line":16,"column":62}},"8":{"start":{"line":18,"column":4},"end":{"line":23,"column":5}},"9":{"start":{"line":19,"column":6},"end":{"line":22,"column":9}},"10":{"start":{"line":26,"column":29},"end":{"line":26,"column":75}},"11":{"start":{"line":27,"column":4},"end":{"line":32,"column":5}},"12":{"start":{"line":28,"column":6},"end":{"line":31,"column":9}},"13":{"start":{"line":34,"column":21},"end":{"line":34,"column":40}},"14":{"start":{"line":35,"column":4},"end":{"line":35,"column":26}},"15":{"start":{"line":37,"column":4},"end":{"line":41,"column":7}},"16":{"start":{"line":43,"column":4},"end":{"line":43,"column":53}},"17":{"start":{"line":44,"column":4},"end":{"line":48,"column":7}},"18":{"start":{"line":53,"column":0},"end":{"line":70,"column":2}},"19":{"start":{"line":54,"column":2},"end":{"line":69,"column":3}},"20":{"start":{"line":55,"column":22},"end":{"line":55,"column":61}},"21":{"start":{"line":57,"column":4},"end":{"line":61,"column":7}},"22":{"start":{"line":63,"column":4},"end":{"line":63,"column":54}},"23":{"start":{"line":64,"column":4},"end":{"line":68,"column":7}},"24":{"start":{"line":73,"column":0},"end":{"line":96,"column":2}},"25":{"start":{"line":74,"column":2},"end":{"line":95,"column":3}},"26":{"start":{"line":75,"column":21},"end":{"line":75,"column":59}},"27":{"start":{"line":77,"column":4},"end":{"line":82,"column":5}},"28":{"start":{"line":78,"column":6},"end":{"line":81,"column":9}},"29":{"start":{"line":84,"column":4},"end":{"line":87,"column":7}},"30":{"start":{"line":89,"column":4},"end":{"line":89,"column":53}},"31":{"start":{"line":90,"column":4},"end":{"line":94,"column":7}},"32":{"start":{"line":99,"column":0},"end":{"line":136,"column":2}},"33":{"start":{"line":100,"column":2},"end":{"line":135,"column":3}},"34":{"start":{"line":101,"column":29},"end":{"line":101,"column":85}},"35":{"start":{"line":103,"column":4},"end":{"line":109,"column":5}},"36":{"start":{"line":104,"column":6},"end":{"line":108,"column":9}},"37":{"start":{"line":107,"column":41},"end":{"line":107,"column":50}},"38":{"start":{"line":111,"column":21},"end":{"line":114,"column":6}},"39":{"start":{"line":116,"column":4},"end":{"line":121,"column":5}},"40":{"start":{"line":117,"column":6},"end":{"line":120,"column":9}},"41":{"start":{"line":123,"column":4},"end":{"line":127,"column":7}},"42":{"start":{"line":129,"column":4},"end":{"line":129,"column":53}},"43":{"start":{"line":130,"column":4},"end":{"line":134,"column":7}},"44":{"start":{"line":139,"column":0},"end":{"line":166,"column":2}},"45":{"start":{"line":140,"column":2},"end":{"line":165,"column":3}},"46":{"start":{"line":141,"column":21},"end":{"line":145,"column":5}},"47":{"start":{"line":147,"column":4},"end":{"line":152,"column":5}},"48":{"start":{"line":148,"column":6},"end":{"line":151,"column":9}},"49":{"start":{"line":154,"column":4},"end":{"line":157,"column":7}},"50":{"start":{"line":159,"column":4},"end":{"line":159,"column":53}},"51":{"start":{"line":160,"column":4},"end":{"line":164,"column":7}},"52":{"start":{"line":169,"column":0},"end":{"line":186,"column":2}},"53":{"start":{"line":170,"column":2},"end":{"line":185,"column":3}},"54":{"start":{"line":171,"column":22},"end":{"line":171,"column":57}},"55":{"start":{"line":173,"column":4},"end":{"line":177,"column":7}},"56":{"start":{"line":179,"column":4},"end":{"line":179,"column":63}},"57":{"start":{"line":180,"column":4},"end":{"line":184,"column":7}},"58":{"start":{"line":189,"column":0},"end":{"line":224,"column":2}},"59":{"start":{"line":190,"column":2},"end":{"line":223,"column":3}},"60":{"start":{"line":191,"column":22},"end":{"line":191,"column":57}},"61":{"start":{"line":193,"column":4},"end":{"line":209,"column":5}},"62":{"start":{"line":194,"column":6},"end":{"line":208,"column":8}},"63":{"start":{"line":211,"column":4},"end":{"line":215,"column":7}},"64":{"start":{"line":217,"column":4},"end":{"line":217,"column":56}},"65":{"start":{"line":218,"column":4},"end":{"line":222,"column":7}}},"fnMap":{"0":{"name":"(anonymous_0)","decl":{"start":{"line":14,"column":25},"end":{"line":14,"column":26}},"loc":{"start":{"line":14,"column":45},"end":{"line":50,"column":1}},"line":14},"1":{"name":"(anonymous_1)","decl":{"start":{"line":53,"column":26},"end":{"line":53,"column":27}},"loc":{"start":{"line":53,"column":46},"end":{"line":70,"column":1}},"line":53},"2":{"name":"(anonymous_2)","decl":{"start":{"line":73,"column":26},"end":{"line":73,"column":27}},"loc":{"start":{"line":73,"column":46},"end":{"line":96,"column":1}},"line":73},"3":{"name":"(anonymous_3)","decl":{"start":{"line":99,"column":25},"end":{"line":99,"column":26}},"loc":{"start":{"line":99,"column":45},"end":{"line":136,"column":1}},"line":99},"4":{"name":"(anonymous_4)","decl":{"start":{"line":107,"column":34},"end":{"line":107,"column":35}},"loc":{"start":{"line":107,"column":41},"end":{"line":107,"column":50}},"line":107},"5":{"name":"(anonymous_5)","decl":{"start":{"line":139,"column":25},"end":{"line":139,"column":26}},"loc":{"start":{"line":139,"column":45},"end":{"line":166,"column":1}},"line":139},"6":{"name":"(anonymous_6)","decl":{"start":{"line":169,"column":29},"end":{"line":169,"column":30}},"loc":{"start":{"line":169,"column":49},"end":{"line":186,"column":1}},"line":169},"7":{"name":"(anonymous_7)","decl":{"start":{"line":189,"column":35},"end":{"line":189,"column":36}},"loc":{"start":{"line":189,"column":55},"end":{"line":224,"column":1}},"line":189}},"branchMap":{"0":{"loc":{"start":{"line":18,"column":4},"end":{"line":23,"column":5}},"type":"if","locations":[{"start":{"line":18,"column":4},"end":{"line":23,"column":5}},{"start":{},"end":{}}],"line":18},"1":{"loc":{"start":{"line":27,"column":4},"end":{"line":32,"column":5}},"type":"if","locations":[{"start":{"line":27,"column":4},"end":{"line":32,"column":5}},{"start":{},"end":{}}],"line":27},"2":{"loc":{"start":{"line":77,"column":4},"end":{"line":82,"column":5}},"type":"if","locations":[{"start":{"line":77,"column":4},"end":{"line":82,"column":5}},{"start":{},"end":{}}],"line":77},"3":{"loc":{"start":{"line":103,"column":4},"end":{"line":109,"column":5}},"type":"if","locations":[{"start":{"line":103,"column":4},"end":{"line":109,"column":5}},{"start":{},"end":{}}],"line":103},"4":{"loc":{"start":{"line":116,"column":4},"end":{"line":121,"column":5}},"type":"if","locations":[{"start":{"line":116,"column":4},"end":{"line":121,"column":5}},{"start":{},"end":{}}],"line":116},"5":{"loc":{"start":{"line":147,"column":4},"end":{"line":152,"column":5}},"type":"if","locations":[{"start":{"line":147,"column":4},"end":{"line":152,"column":5}},{"start":{},"end":{}}],"line":147}},"s":{"0":1,"1":1,"2":1,"3":1,"4":1,"5":1,"6":0,"7":0,"8":0,"9":0,"10":0,"11":0,"12":0,"13":0,"14":0,"15":0,"16":0,"17":0,"18":1,"19":0,"20":0,"21":0,"22":0,"23":0,"24":1,"25":0,"26":0,"27":0,"28":0,"29":0,"30":0,"31":0,"32":1,"33":0,"34":0,"35":0,"36":0,"37":0,"38":0,"39":0,"40":0,"41":0,"42":0,"43":0,"44":1,"45":0,"46":0,"47":0,"48":0,"49":0,"50":0,"51":0,"52":1,"53":0,"54":0,"55":0,"56":0,"57":0,"58":1,"59":0,"60":0,"61":0,"62":0,"63":0,"64":0,"65":0},"f":{"0":0,"1":0,"2":0,"3":0,"4":0,"5":0,"6":0,"7":0},"b":{"0":[0,0],"1":[0,0],"2":[0,0],"3":[0,0],"4":[0,0],"5":[0,0]},"_coverageSchema":"1a1c01bbd47fc00a2c39e90264f33305004495a9","hash":"39f8ecd5f408bae4bae751d04bfeba2c4d4a0bbb"}
,"/workspaces/Birthday-Reminder-App/server/models/birthdayModel.js": {"path":"/workspaces/Birthday-Reminder-App/server/models/birthdayModel.js","statementMap":{"0":{"start":{"line":1,"column":17},"end":{"line":1,"column":36}},"1":{"start":{"line":3,"column":23},"end":{"line":51,"column":1}},"2":{"start":{"line":23,"column":10},"end":{"line":23,"column":32}},"3":{"start":{"line":54,"column":0},"end":{"line":58,"column":3}},"4":{"start":{"line":55,"column":2},"end":{"line":55,"column":47}},"5":{"start":{"line":56,"column":2},"end":{"line":56,"column":40}},"6":{"start":{"line":57,"column":2},"end":{"line":57,"column":9}},"7":{"start":{"line":61,"column":0},"end":{"line":64,"column":2}},"8":{"start":{"line":62,"column":16},"end":{"line":62,"column":26}},"9":{"start":{"line":63,"column":2},"end":{"line":63,"column":77}},"10":{"start":{"line":67,"column":0},"end":{"line":78,"column":2}},"11":{"start":{"line":68,"column":16},"end":{"line":68,"column":26}},"12":{"start":{"line":69,"column":16},"end":{"line":69,"column":36}},"13":{"start":{"line":70,"column":14},"end":{"line":70,"column":29}},"14":{"start":{"line":72,"column":2},"end":{"line":77,"column":5}},"15":{"start":{"line":80,"column":0},"end":{"line":80,"column":60}}},"fnMap":{"0":{"name":"(anonymous_0)","decl":{"start":{"line":22,"column":19},"end":{"line":22,"column":20}},"loc":{"start":{"line":22,"column":32},"end":{"line":24,"column":9}},"line":22},"1":{"name":"(anonymous_1)","decl":{"start":{"line":54,"column":27},"end":{"line":54,"column":28}},"loc":{"start":{"line":54,"column":43},"end":{"line":58,"column":1}},"line":54},"2":{"name":"(anonymous_2)","decl":{"start":{"line":61,"column":41},"end":{"line":61,"column":42}},"loc":{"start":{"line":61,"column":53},"end":{"line":64,"column":1}},"line":61},"3":{"name":"(anonymous_3)","decl":{"start":{"line":67,"column":44},"end":{"line":67,"column":45}},"loc":{"start":{"line":67,"column":62},"end":{"line":78,"column":1}},"line":67}},"branchMap":{"0":{"loc":{"start":{"line":63,"column":9},"end":{"line":63,"column":76}},"type":"binary-expr","locations":[{"start":{"line":63,"column":9},"end":{"line":63,"column":44}},{"start":{"line":63,"column":48},"end":{"line":63,"column":76}}],"line":63}},"s":{"0":1,"1":1,"2":0,"3":1,"4":0,"5":0,"6":0,"7":1,"8":0,"9":0,"10":1,"11":0,"12":0,"13":0,"14":0,"15":1},"f":{"0":0,"1":0,"2":0,"3":0},"b":{"0":[0,0]},"_coverageSchema":"1a1c01bbd47fc00a2c39e90264f33305004495a9","hash":"c9ea14548d767b9fbbb8e6a125dbe1b9db61b8b9"}
,"/workspaces/Birthday-Reminder-App/server/routes/birthdayRoutes.js": {"path":"/workspaces/Birthday-Reminder-App/server/routes/birthdayRoutes.js","statementMap":{"0":{"start":{"line":1,"column":16},"end":{"line":1,"column":34}},"1":{"start":{"line":2,"column":15},"end":{"line":2,"column":31}},"2":{"start":{"line":3,"column":27},"end":{"line":3,"column":71}},"3":{"start":{"line":6,"column":0},"end":{"line":6,"column":52}},"4":{"start":{"line":9,"column":0},"end":{"line":9,"column":52}},"5":{"start":{"line":12,"column":0},"end":{"line":12,"column":60}},"6":{"start":{"line":15,"column":0},"end":{"line":15,"column":55}},"7":{"start":{"line":18,"column":0},"end":{"line":18,"column":54}},"8":{"start":{"line":21,"column":0},"end":{"line":21,"column":57}},"9":{"start":{"line":24,"column":0},"end":{"line":24,"column":79}},"10":{"start":{"line":26,"column":0},"end":{"line":26,"column":24}}},"fnMap":{},"branchMap":{},"s":{"0":1,"1":1,"2":1,"3":1,"4":1,"5":1,"6":1,"7":1,"8":1,"9":1,"10":1},"f":{},"b":{},"_coverageSchema":"1a1c01bbd47fc00a2c39e90264f33305004495a9","hash":"63d19fecb0e4698259aa58842c716c01461d17a9"}
,"/workspaces/Birthday-Reminder-App/server/routes/webhookRoutes.js": {"path":"/workspaces/Birthday-Reminder-App/server/routes/webhookRoutes.js","statementMap":{"0":{"start":{"line":1,"column":16},"end":{"line":1,"column":34}},"1":{"start":{"line":2,"column":15},"end":{"line":2,"column":31}},"2":{"start":{"line":3,"column":26},"end":{"line":3,"column":61}},"3":{"start":{"line":4,"column":29},"end":{"line":4,"column":63}},"4":{"start":{"line":7,"column":0},"end":{"line":21,"column":3}},"5":{"start":{"line":8,"column":2},"end":{"line":20,"column":3}},"6":{"start":{"line":9,"column":18},"end":{"line":9,"column":39}},"7":{"start":{"line":10,"column":4},"end":{"line":14,"column":7}},"8":{"start":{"line":16,"column":4},"end":{"line":19,"column":7}},"9":{"start":{"line":24,"column":0},"end":{"line":38,"column":3}},"10":{"start":{"line":25,"column":2},"end":{"line":37,"column":3}},"11":{"start":{"line":26,"column":19},"end":{"line":26,"column":37}},"12":{"start":{"line":27,"column":4},"end":{"line":31,"column":7}},"13":{"start":{"line":33,"column":4},"end":{"line":36,"column":7}},"14":{"start":{"line":40,"column":0},"end":{"line":40,"column":24}}},"fnMap":{"0":{"name":"(anonymous_0)","decl":{"start":{"line":7,"column":28},"end":{"line":7,"column":29}},"loc":{"start":{"line":7,"column":48},"end":{"line":21,"column":1}},"line":7},"1":{"name":"(anonymous_1)","decl":{"start":{"line":24,"column":27},"end":{"line":24,"column":28}},"loc":{"start":{"line":24,"column":41},"end":{"line":38,"column":1}},"line":24}},"branchMap":{},"s":{"0":1,"1":1,"2":1,"3":1,"4":1,"5":0,"6":0,"7":0,"8":0,"9":1,"10":0,"11":0,"12":0,"13":0,"14":1},"f":{"0":0,"1":0},"b":{},"_coverageSchema":"1a1c01bbd47fc00a2c39e90264f33305004495a9","hash":"17174ac5ad043719cd4c861c95fd1aebb8d4e07f"}
,"/workspaces/Birthday-Reminder-App/server/services/cronService.js": {"path":"/workspaces/Birthday-Reminder-App/server/services/cronService.js","statementMap":{"0":{"start":{"line":1,"column":20},"end":{"line":1,"column":35}},"1":{"start":{"line":2,"column":17},"end":{"line":2,"column":51}},"2":{"start":{"line":3,"column":29},"end":{"line":3,"column":54}},"3":{"start":{"line":4,"column":15},"end":{"line":4,"column":35}},"4":{"start":{"line":6,"column":23},"end":{"line":6,"column":27}},"5":{"start":{"line":9,"column":0},"end":{"line":73,"column":2}},"6":{"start":{"line":11,"column":2},"end":{"line":49,"column":5}},"7":{"start":{"line":12,"column":4},"end":{"line":12,"column":57}},"8":{"start":{"line":14,"column":4},"end":{"line":48,"column":5}},"9":{"start":{"line":15,"column":30},"end":{"line":15,"column":65}},"10":{"start":{"line":17,"column":6},"end":{"line":20,"column":7}},"11":{"start":{"line":18,"column":8},"end":{"line":18,"column":42}},"12":{"start":{"line":19,"column":8},"end":{"line":19,"column":15}},"13":{"start":{"line":22,"column":6},"end":{"line":22,"column":78}},"14":{"start":{"line":24,"column":20},"end":{"line":24,"column":38}},"15":{"start":{"line":26,"column":6},"end":{"line":45,"column":7}},"16":{"start":{"line":27,"column":8},"end":{"line":42,"column":10}},"17":{"start":{"line":44,"column":8},"end":{"line":44,"column":70}},"18":{"start":{"line":47,"column":6},"end":{"line":47,"column":64}},"19":{"start":{"line":52,"column":19},"end":{"line":65,"column":4}},"20":{"start":{"line":53,"column":4},"end":{"line":53,"column":55}},"21":{"start":{"line":55,"column":4},"end":{"line":64,"column":5}},"22":{"start":{"line":56,"column":6},"end":{"line":59,"column":8}},"23":{"start":{"line":61,"column":6},"end":{"line":61,"column":38}},"24":{"start":{"line":63,"column":6},"end":{"line":63,"column":67}},"25":{"start":{"line":68,"column":2},"end":{"line":68,"column":27}},"26":{"start":{"line":69,"column":2},"end":{"line":69,"column":19}},"27":{"start":{"line":71,"column":2},"end":{"line":71,"column":41}},"28":{"start":{"line":72,"column":2},"end":{"line":72,"column":82}},"29":{"start":{"line":76,"column":0},"end":{"line":81,"column":2}},"30":{"start":{"line":77,"column":2},"end":{"line":80,"column":4}},"31":{"start":{"line":84,"column":0},"end":{"line":89,"column":2}},"32":{"start":{"line":85,"column":2},"end":{"line":88,"column":3}},"33":{"start":{"line":86,"column":4},"end":{"line":86,"column":28}},"34":{"start":{"line":87,"column":4},"end":{"line":87,"column":39}}},"fnMap":{"0":{"name":"(anonymous_0)","decl":{"start":{"line":9,"column":29},"end":{"line":9,"column":30}},"loc":{"start":{"line":9,"column":35},"end":{"line":73,"column":1}},"line":9},"1":{"name":"(anonymous_1)","decl":{"start":{"line":11,"column":64},"end":{"line":11,"column":65}},"loc":{"start":{"line":11,"column":76},"end":{"line":49,"column":3}},"line":11},"2":{"name":"(anonymous_2)","decl":{"start":{"line":52,"column":44},"end":{"line":52,"column":45}},"loc":{"start":{"line":52,"column":56},"end":{"line":65,"column":3}},"line":52},"3":{"name":"(anonymous_3)","decl":{"start":{"line":76,"column":27},"end":{"line":76,"column":28}},"loc":{"start":{"line":76,"column":33},"end":{"line":81,"column":1}},"line":76},"4":{"name":"(anonymous_4)","decl":{"start":{"line":84,"column":23},"end":{"line":84,"column":24}},"loc":{"start":{"line":84,"column":29},"end":{"line":89,"column":1}},"line":84}},"branchMap":{"0":{"loc":{"start":{"line":17,"column":6},"end":{"line":20,"column":7}},"type":"if","locations":[{"start":{"line":17,"column":6},"end":{"line":20,"column":7}},{"start":{},"end":{}}],"line":17},"1":{"loc":{"start":{"line":85,"column":2},"end":{"line":88,"column":3}},"type":"if","locations":[{"start":{"line":85,"column":2},"end":{"line":88,"column":3}},{"start":{},"end":{}}],"line":85}},"s":{"0":1,"1":1,"2":1,"3":1,"4":1,"5":1,"6":1,"7":0,"8":0,"9":0,"10":0,"11":0,"12":0,"13":0,"14":0,"15":0,"16":0,"17":0,"18":0,"19":1,"20":0,"21":0,"22":0,"23":0,"24":0,"25":1,"26":1,"27":1,"28":1,"29":1,"30":0,"31":1,"32":0,"33":0,"34":0},"f":{"0":1,"1":0,"2":0,"3":0,"4":0},"b":{"0":[0,0],"1":[0,0]},"_coverageSchema":"1a1c01bbd47fc00a2c39e90264f33305004495a9","hash":"f84d92599392e01f2243ab23c96d757595da015b"}
,"/workspaces/Birthday-Reminder-App/server/services/emailService.js": {"path":"/workspaces/Birthday-Reminder-App/server/services/emailService.js","statementMap":{"0":{"start":{"line":1,"column":19},"end":{"line":1,"column":40}},"1":{"start":{"line":2,"column":15},"end":{"line":2,"column":35}},"2":{"start":{"line":3,"column":17},"end":{"line":3,"column":51}},"3":{"start":{"line":6,"column":20},"end":{"line":12,"column":2}},"4":{"start":{"line":15,"column":34},"end":{"line":122,"column":1}},"5":{"start":{"line":16,"column":2},"end":{"line":121,"column":4}},"6":{"start":{"line":125,"column":0},"end":{"line":151,"column":2}},"7":{"start":{"line":126,"column":2},"end":{"line":150,"column":3}},"8":{"start":{"line":127,"column":24},"end":{"line":132,"column":5}},"9":{"start":{"line":134,"column":17},"end":{"line":134,"column":56}},"10":{"start":{"line":135,"column":4},"end":{"line":135,"column":60}},"11":{"start":{"line":138,"column":4},"end":{"line":144,"column":6}},"12":{"start":{"line":146,"column":4},"end":{"line":146,"column":56}},"13":{"start":{"line":148,"column":4},"end":{"line":148,"column":63}},"14":{"start":{"line":149,"column":4},"end":{"line":149,"column":16}},"15":{"start":{"line":154,"column":0},"end":{"line":174,"column":2}},"16":{"start":{"line":155,"column":18},"end":{"line":158,"column":3}},"17":{"start":{"line":160,"column":2},"end":{"line":170,"column":3}},"18":{"start":{"line":161,"column":4},"end":{"line":169,"column":5}},"19":{"start":{"line":162,"column":6},"end":{"line":162,"column":73}},"20":{"start":{"line":163,"column":6},"end":{"line":163,"column":43}},"21":{"start":{"line":165,"column":6},"end":{"line":168,"column":9}},"22":{"start":{"line":172,"column":2},"end":{"line":172,"column":105}},"23":{"start":{"line":173,"column":2},"end":{"line":173,"column":17}},"24":{"start":{"line":177,"column":0},"end":{"line":186,"column":2}},"25":{"start":{"line":178,"column":2},"end":{"line":185,"column":3}},"26":{"start":{"line":179,"column":4},"end":{"line":179,"column":31}},"27":{"start":{"line":180,"column":4},"end":{"line":180,"column":48}},"28":{"start":{"line":181,"column":4},"end":{"line":181,"column":16}},"29":{"start":{"line":183,"column":4},"end":{"line":183,"column":69}},"30":{"start":{"line":184,"column":4},"end":{"line":184,"column":17}}},"fnMap":{"0":{"name":"(anonymous_0)","decl":{"start":{"line":15,"column":34},"end":{"line":15,"column":35}},"loc":{"start":{"line":15,"column":48},"end":{"line":122,"column":1}},"line":15},"1":{"name":"(anonymous_1)","decl":{"start":{"line":125,"column":28},"end":{"line":125,"column":29}},"loc":{"start":{"line":125,"column":55},"end":{"line":151,"column":1}},"line":125},"2":{"name":"(anonymous_2)","decl":{"start":{"line":154,"column":34},"end":{"line":154,"column":35}},"loc":{"start":{"line":154,"column":55},"end":{"line":174,"column":1}},"line":154},"3":{"name":"(anonymous_3)","decl":{"start":{"line":177,"column":28},"end":{"line":177,"column":29}},"loc":{"start":{"line":177,"column":40},"end":{"line":186,"column":1}},"line":177}},"branchMap":{},"s":{"0":1,"1":1,"2":1,"3":1,"4":1,"5":0,"6":1,"7":0,"8":0,"9":0,"10":0,"11":0,"12":0,"13":0,"14":0,"15":1,"16":0,"17":0,"18":0,"19":0,"20":0,"21":0,"22":0,"23":0,"24":1,"25":0,"26":0,"27":0,"28":0,"29":0,"30":0},"f":{"0":0,"1":0,"2":0,"3":0},"b":{},"_coverageSchema":"1a1c01bbd47fc00a2c39e90264f33305004495a9","hash":"924a63682d92448903cb558bb6ef6c8e3ff9650c"}
,"/workspaces/Birthday-Reminder-App/server/services/queueService.js": {"path":"/workspaces/Birthday-Reminder-App/server/services/queueService.js","statementMap":{"0":{"start":{"line":1,"column":14},"end":{"line":1,"column":29}},"1":{"start":{"line":2,"column":15},"end":{"line":2,"column":35}},"2":{"start":{"line":3,"column":30},"end":{"line":3,"column":55}},"3":{"start":{"line":5,"column":20},"end":{"line":5,"column":24}},"4":{"start":{"line":8,"column":0},"end":{"line":46,"column":2}},"5":{"start":{"line":9,"column":2},"end":{"line":15,"column":5}},"6":{"start":{"line":18,"column":2},"end":{"line":29,"column":5}},"7":{"start":{"line":19,"column":4},"end":{"line":19,"column":70}},"8":{"start":{"line":21,"column":4},"end":{"line":28,"column":5}},"9":{"start":{"line":22,"column":21},"end":{"line":22,"column":79}},"10":{"start":{"line":23,"column":6},"end":{"line":23,"column":62}},"11":{"start":{"line":24,"column":6},"end":{"line":24,"column":20}},"12":{"start":{"line":26,"column":6},"end":{"line":26,"column":74}},"13":{"start":{"line":27,"column":6},"end":{"line":27,"column":18}},"14":{"start":{"line":32,"column":2},"end":{"line":34,"column":5}},"15":{"start":{"line":33,"column":4},"end":{"line":33,"column":45}},"16":{"start":{"line":36,"column":2},"end":{"line":38,"column":5}},"17":{"start":{"line":37,"column":4},"end":{"line":37,"column":60}},"18":{"start":{"line":40,"column":2},"end":{"line":42,"column":5}},"19":{"start":{"line":41,"column":4},"end":{"line":41,"column":41}},"20":{"start":{"line":44,"column":2},"end":{"line":44,"column":46}},"21":{"start":{"line":45,"column":2},"end":{"line":45,"column":23}},"22":{"start":{"line":49,"column":0},"end":{"line":51,"column":2}},"23":{"start":{"line":50,"column":2},"end":{"line":50,"column":23}},"24":{"start":{"line":54,"column":0},"end":{"line":64,"column":2}},"25":{"start":{"line":55,"column":2},"end":{"line":55,"column":34}},"26":{"start":{"line":55,"column":22},"end":{"line":55,"column":34}},"27":{"start":{"line":57,"column":17},"end":{"line":57,"column":51}},"28":{"start":{"line":58,"column":2},"end":{"line":63,"column":4}},"29":{"start":{"line":66,"column":0},"end":{"line":66,"column":45}}},"fnMap":{"0":{"name":"(anonymous_0)","decl":{"start":{"line":8,"column":34},"end":{"line":8,"column":35}},"loc":{"start":{"line":8,"column":40},"end":{"line":46,"column":1}},"line":8},"1":{"name":"(anonymous_1)","decl":{"start":{"line":18,"column":47},"end":{"line":18,"column":48}},"loc":{"start":{"line":18,"column":62},"end":{"line":29,"column":3}},"line":18},"2":{"name":"(anonymous_2)","decl":{"start":{"line":32,"column":32},"end":{"line":32,"column":33}},"loc":{"start":{"line":32,"column":41},"end":{"line":34,"column":3}},"line":32},"3":{"name":"(anonymous_3)","decl":{"start":{"line":36,"column":29},"end":{"line":36,"column":30}},"loc":{"start":{"line":36,"column":43},"end":{"line":38,"column":3}},"line":36},"4":{"name":"(anonymous_4)","decl":{"start":{"line":40,"column":28},"end":{"line":40,"column":29}},"loc":{"start":{"line":40,"column":39},"end":{"line":42,"column":3}},"line":40},"5":{"name":"(anonymous_5)","decl":{"start":{"line":49,"column":27},"end":{"line":49,"column":28}},"loc":{"start":{"line":49,"column":33},"end":{"line":51,"column":1}},"line":49},"6":{"name":"(anonymous_6)","decl":{"start":{"line":54,"column":24},"end":{"line":54,"column":25}},"loc":{"start":{"line":54,"column":36},"end":{"line":64,"column":1}},"line":54}},"branchMap":{"0":{"loc":{"start":{"line":55,"column":2},"end":{"line":55,"column":34}},"type":"if","locations":[{"start":{"line":55,"column":2},"end":{"line":55,"column":34}},{"start":{},"end":{}}],"line":55}},"s":{"0":1,"1":1,"2":1,"3":1,"4":1,"5":1,"6":1,"7":0,"8":0,"9":0,"10":0,"11":0,"12":0,"13":0,"14":1,"15":0,"16":1,"17":0,"18":1,"19":20,"20":1,"21":1,"22":1,"23":0,"24":1,"25":0,"26":0,"27":0,"28":0,"29":1},"f":{"0":1,"1":0,"2":0,"3":0,"4":20,"5":0,"6":0},"b":{"0":[0,0]},"_coverageSchema":"1a1c01bbd47fc00a2c39e90264f33305004495a9","hash":"4586c3a7b6e464df40a4ab7d8990e6a7617e9d0a"}
}
