TN:
SF:server/config.js
FNF:0
FNH:0
DA:1,1
LF:1
LH:1
BRDA:4,0,0,1
BRDA:4,0,1,0
BRDA:7,1,0,1
BRDA:7,1,1,0
BRDA:12,2,0,1
BRDA:12,2,1,0
BRDA:17,3,0,1
BRDA:17,3,1,0
BRDA:18,4,0,1
BRDA:18,4,1,0
BRDA:24,5,0,1
BRDA:24,5,1,0
BRDA:29,6,0,1
BRDA:29,6,1,0
BRDA:30,7,0,1
BRDA:30,7,1,0
BRF:16
BRH:8
end_of_record
TN:
SF:server/index.js
FN:25,(anonymous_0)
FN:26,(anonymous_1)
FN:39,(anonymous_2)
FN:44,(anonymous_3)
FN:53,(anonymous_4)
FNF:5
FNH:2
FNDA:0,(anonymous_0)
FNDA:1,(anonymous_1)
FNDA:0,(anonymous_2)
FNDA:0,(anonymous_3)
FNDA:1,(anonymous_4)
DA:1,1
DA:2,1
DA:3,1
DA:4,1
DA:5,1
DA:7,1
DA:8,1
DA:9,1
DA:10,1
DA:12,1
DA:15,1
DA:16,1
DA:17,1
DA:18,1
DA:21,1
DA:25,0
DA:26,1
DA:29,1
DA:32,1
DA:35,1
DA:36,1
DA:39,1
DA:40,0
DA:44,1
DA:45,0
DA:46,0
DA:52,1
DA:53,1
DA:54,1
DA:57,1
LF:30
LH:26
BRDA:21,0,0,1
BRDA:21,0,1,0
BRDA:46,1,0,0
BRDA:46,1,1,0
BRDA:47,2,0,0
BRDA:47,2,1,0
BRDA:52,3,0,1
BRDA:52,3,1,0
BRF:8
BRH:2
end_of_record
TN:
SF:server/controllers/birthdayController.js
FN:14,(anonymous_0)
FN:53,(anonymous_1)
FN:73,(anonymous_2)
FN:99,(anonymous_3)
FN:107,(anonymous_4)
FN:139,(anonymous_5)
FN:169,(anonymous_6)
FN:189,(anonymous_7)
FNF:8
FNH:0
FNDA:0,(anonymous_0)
FNDA:0,(anonymous_1)
FNDA:0,(anonymous_2)
FNDA:0,(anonymous_3)
FNDA:0,(anonymous_4)
FNDA:0,(anonymous_5)
FNDA:0,(anonymous_6)
FNDA:0,(anonymous_7)
DA:1,1
DA:2,1
DA:3,1
DA:4,1
DA:7,1
DA:14,1
DA:15,0
DA:16,0
DA:18,0
DA:19,0
DA:26,0
DA:27,0
DA:28,0
DA:34,0
DA:35,0
DA:37,0
DA:43,0
DA:44,0
DA:53,1
DA:54,0
DA:55,0
DA:57,0
DA:63,0
DA:64,0
DA:73,1
DA:74,0
DA:75,0
DA:77,0
DA:78,0
DA:84,0
DA:89,0
DA:90,0
DA:99,1
DA:100,0
DA:101,0
DA:103,0
DA:104,0
DA:107,0
DA:111,0
DA:116,0
DA:117,0
DA:123,0
DA:129,0
DA:130,0
DA:139,1
DA:140,0
DA:141,0
DA:147,0
DA:148,0
DA:154,0
DA:159,0
DA:160,0
DA:169,1
DA:170,0
DA:171,0
DA:173,0
DA:179,0
DA:180,0
DA:189,1
DA:190,0
DA:191,0
DA:193,0
DA:194,0
DA:211,0
DA:217,0
DA:218,0
LF:66
LH:12
BRDA:18,0,0,0
BRDA:18,0,1,0
BRDA:27,1,0,0
BRDA:27,1,1,0
BRDA:77,2,0,0
BRDA:77,2,1,0
BRDA:103,3,0,0
BRDA:103,3,1,0
BRDA:116,4,0,0
BRDA:116,4,1,0
BRDA:147,5,0,0
BRDA:147,5,1,0
BRF:12
BRH:0
end_of_record
TN:
SF:server/models/birthdayModel.js
FN:22,(anonymous_0)
FN:54,(anonymous_1)
FN:61,(anonymous_2)
FN:67,(anonymous_3)
FNF:4
FNH:0
FNDA:0,(anonymous_0)
FNDA:0,(anonymous_1)
FNDA:0,(anonymous_2)
FNDA:0,(anonymous_3)
DA:1,1
DA:3,1
DA:23,0
DA:54,1
DA:55,0
DA:56,0
DA:57,0
DA:61,1
DA:62,0
DA:63,0
DA:67,1
DA:68,0
DA:69,0
DA:70,0
DA:72,0
DA:80,1
LF:16
LH:6
BRDA:63,0,0,0
BRDA:63,0,1,0
BRF:2
BRH:0
end_of_record
TN:
SF:server/routes/birthdayRoutes.js
FNF:0
FNH:0
DA:1,1
DA:2,1
DA:3,1
DA:6,1
DA:9,1
DA:12,1
DA:15,1
DA:18,1
DA:21,1
DA:24,1
DA:26,1
LF:11
LH:11
BRF:0
BRH:0
end_of_record
TN:
SF:server/routes/webhookRoutes.js
FN:7,(anonymous_0)
FN:24,(anonymous_1)
FNF:2
FNH:0
FNDA:0,(anonymous_0)
FNDA:0,(anonymous_1)
DA:1,1
DA:2,1
DA:3,1
DA:4,1
DA:7,1
DA:8,0
DA:9,0
DA:10,0
DA:16,0
DA:24,1
DA:25,0
DA:26,0
DA:27,0
DA:33,0
DA:40,1
LF:15
LH:7
BRF:0
BRH:0
end_of_record
TN:
SF:server/services/cronService.js
FN:9,(anonymous_0)
FN:11,(anonymous_1)
FN:52,(anonymous_2)
FN:76,(anonymous_3)
FN:84,(anonymous_4)
FNF:5
FNH:1
FNDA:1,(anonymous_0)
FNDA:0,(anonymous_1)
FNDA:0,(anonymous_2)
FNDA:0,(anonymous_3)
FNDA:0,(anonymous_4)
DA:1,1
DA:2,1
DA:3,1
DA:4,1
DA:6,1
DA:9,1
DA:11,1
DA:12,0
DA:14,0
DA:15,0
DA:17,0
DA:18,0
DA:19,0
DA:22,0
DA:24,0
DA:26,0
DA:27,0
DA:44,0
DA:47,0
DA:52,1
DA:53,0
DA:55,0
DA:56,0
DA:61,0
DA:63,0
DA:68,1
DA:69,1
DA:71,1
DA:72,1
DA:76,1
DA:77,0
DA:84,1
DA:85,0
DA:86,0
DA:87,0
LF:35
LH:14
BRDA:17,0,0,0
BRDA:17,0,1,0
BRDA:85,1,0,0
BRDA:85,1,1,0
BRF:4
BRH:0
end_of_record
TN:
SF:server/services/emailService.js
FN:15,(anonymous_0)
FN:125,(anonymous_1)
FN:154,(anonymous_2)
FN:177,(anonymous_3)
FNF:4
FNH:0
FNDA:0,(anonymous_0)
FNDA:0,(anonymous_1)
FNDA:0,(anonymous_2)
FNDA:0,(anonymous_3)
DA:1,1
DA:2,1
DA:3,1
DA:6,1
DA:15,1
DA:16,0
DA:125,1
DA:126,0
DA:127,0
DA:134,0
DA:135,0
DA:138,0
DA:146,0
DA:148,0
DA:149,0
DA:154,1
DA:155,0
DA:160,0
DA:161,0
DA:162,0
DA:163,0
DA:165,0
DA:172,0
DA:173,0
DA:177,1
DA:178,0
DA:179,0
DA:180,0
DA:181,0
DA:183,0
DA:184,0
LF:31
LH:8
BRF:0
BRH:0
end_of_record
TN:
SF:server/services/queueService.js
FN:8,(anonymous_0)
FN:18,(anonymous_1)
FN:32,(anonymous_2)
FN:36,(anonymous_3)
FN:40,(anonymous_4)
FN:49,(anonymous_5)
FN:54,(anonymous_6)
FNF:7
FNH:2
FNDA:1,(anonymous_0)
FNDA:0,(anonymous_1)
FNDA:0,(anonymous_2)
FNDA:0,(anonymous_3)
FNDA:20,(anonymous_4)
FNDA:0,(anonymous_5)
FNDA:0,(anonymous_6)
DA:1,1
DA:2,1
DA:3,1
DA:5,1
DA:8,1
DA:9,1
DA:18,1
DA:19,0
DA:21,0
DA:22,0
DA:23,0
DA:24,0
DA:26,0
DA:27,0
DA:32,1
DA:33,0
DA:36,1
DA:37,0
DA:40,1
DA:41,20
DA:44,1
DA:45,1
DA:49,1
DA:50,0
DA:54,1
DA:55,0
DA:57,0
DA:58,0
DA:66,1
LF:29
LH:16
BRDA:55,0,0,0
BRDA:55,0,1,0
BRF:2
BRH:0
end_of_record
